2025-11-22T16:50:04.456908300 [SRV] WELCOME
2025-11-22T16:50:04.481805300 [SRV] USERS manuel
2025-11-22T16:50:04.530144 [SRV] LOGGED
2025-11-22T16:50:39.173980700 [SRV] WELCOME
2025-11-22T16:50:39.182987500 [SRV] USERS manuel
2025-11-22T16:50:39.222279100 [SRV] LOGGED
2025-11-22T16:51:16.840801200 [SRV] WELCOME
2025-11-22T16:51:16.851815900 [SRV] USERS laura,manuel
2025-11-22T16:51:16.856174 [SRV] USERS laura,manuel
2025-11-22T16:51:16.886561400 [SRV] LOGGED
2025-11-22T16:51:24.904414200 [2025-11-22 16:51:24] Yo -> manuel: hola manuel, como anda
2025-11-22T16:51:24.919020400 [SRV] MSGFROM laura|hola manuel, como anda
2025-11-22T16:51:24.964666 [SRV] SENT
2025-11-22T16:51:34.065767 [2025-11-22 16:51:34] Yo -> laura: hola laura, bien
2025-11-22T16:51:34.084040100 [SRV] MSGFROM manuel|hola laura, bien
2025-11-22T16:51:34.103715200 [SRV] SENT
2025-11-22T16:51:39.105462 [SRV] USERS laura
2025-11-22T16:51:56.020320400 [SRV] WELCOME
2025-11-22T16:51:56.032325600 [SRV] USERS laura,manuel
2025-11-22T16:51:56.035974700 [SRV] USERS laura,manuel
2025-11-22T16:51:56.067508700 [SRV] LOGGED
2025-11-22T16:54:53.606982 [SRV] WELCOME
2025-11-22T16:54:53.628452 [SRV] USERS manuel
2025-11-22T16:54:53.642927100 [SRV] LOGGED
2025-11-22T16:55:02.346920200 [SRV] WELCOME
2025-11-22T16:55:02.355807100 [SRV] USERS laura,manuel
2025-11-22T16:55:02.359080700 [SRV] USERS laura,manuel
2025-11-22T16:55:02.379210400 [SRV] LOGGED
2025-11-22T16:55:18.420801700 [SRV] USERS laura
