2025-10-29T21:13:06.472727 [SRV] WELCOME
2025-10-29T21:13:06.472727 [SRV] REGISTERED
2025-10-29T21:20:57.113355800 [SRV] WELCOME
2025-10-29T21:20:57.161564100 [SRV] LOGGED
2025-10-29T21:54:21.492011700 [SRV] WELCOME
2025-10-29T21:54:21.496045500 [SRV] REGISTERED
2025-10-29T21:54:21.542630400 [SRV] LOGGED
2025-10-29T22:00:21.251494700 [SRV] WELCOME
2025-10-29T22:00:21.305405200 [SRV] LOGGED
2025-10-29T22:15:12.411199400 [SRV] WELCOME
2025-10-29T22:15:12.459705 [SRV] LOGGED
2025-10-29T22:16:45.026204100 [SRV] WELCOME
2025-10-29T22:16:45.073985100 [SRV] LOGGED
2025-10-29T22:33:12.848266900 [SRV] WELCOME
2025-10-29T22:33:12.900472300 [SRV] LOGGED
2025-10-29T22:46:36.162673 [SRV] WELCOME
2025-10-29T22:46:36.223883 [SRV] LOGGED
2025-10-29T22:56:47.673535700 Error enviar: No conectado
2025-10-29T22:56:47.673535700 Error enviar: No conectado
2025-10-29T23:14:44.789409800 [SRV] WELCOME
2025-10-29T23:14:44.844303200 [SRV] REGISTERED
2025-10-29T23:15:18.555093100 [SRV] WELCOME
2025-10-29T23:15:18.598217300 [SRV] LOGGED
2025-10-29T23:31:39.440353700 [SRV] WELCOME
2025-10-29T23:31:39.486800100 [SRV] LOGGED
2025-10-29T23:35:50.891648700 [SRV] WELCOME
2025-10-29T23:35:50.949930700 [SRV] ERROR credenciales
2025-10-29T23:36:23.984205100 [SRV] WELCOME
2025-10-29T23:36:24.034047800 [SRV] ERROR credenciales
2025-10-29T23:37:28.500368500 [SRV] WELCOME
2025-10-29T23:37:28.539531700 [SRV] LOGGED
2025-10-29T23:38:41.477959300 [SRV] WELCOME
2025-10-29T23:38:41.538977100 [SRV] LOGGED
2025-10-29T23:39:56.143027600 Error enviar: No conectado
2025-10-29T23:45:53.947836400 [SRV] WELCOME
2025-10-29T23:45:53.997567200 [SRV] ERROR credenciales
2025-10-29T23:46:12.132966700 [SRV] WELCOME
2025-10-29T23:46:12.185005100 [SRV] ERROR credenciales
2025-10-29T23:51:25.804252700 [SRV] WELCOME
2025-10-29T23:51:25.865671900 [SRV] ERROR credenciales
2025-10-29T23:51:48.857423500 [SRV] WELCOME
2025-10-29T23:51:48.916012700 [SRV] ERROR credenciales
2025-10-29T23:52:07.835660200 [SRV] WELCOME
2025-10-29T23:52:07.882318 [SRV] ERROR credenciales
2025-10-29T23:59:12.101698400 [SRV] WELCOME
2025-10-29T23:59:12.156409500 [SRV] ERROR credenciales
2025-10-29T23:59:36.280586400 [SRV] WELCOME
2025-10-29T23:59:36.325891700 [SRV] ERROR credenciales
2025-10-29T23:59:56.765884700 [SRV] WELCOME
2025-10-29T23:59:56.833416100 [SRV] REGISTERED
2025-10-30T00:00:51.791329200 [SRV] WELCOME
2025-10-30T00:00:51.844615400 [SRV] LOGGED
2025-10-30T00:03:41.421864200 [SRV] WELCOME
2025-10-30T00:03:41.473407400 [SRV] REGISTERED
2025-10-30T00:06:12.342028800 [SRV] WELCOME
2025-10-30T00:06:12.398335100 [SRV] ERROR usuario_existente
2025-10-30T00:13:59.715442 [SRV] WELCOME
2025-10-30T00:13:59.753812400 [SRV] REGISTERED
2025-10-30T00:15:33.702332500 [SRV] WELCOME
2025-10-30T00:15:33.747726400 [SRV] REGISTERED
